<?xml version="1.0" encoding="UTF-8"?>
<!-- Generated by org.testng.reporters.JUnitReportReporter -->
<testsuite hostname="MPARTHA" failures="0" tests="1" name="demoJava1.TablesortingStreams" time="4.905" errors="0" timestamp="18 May 2024 06:06:59 GMT">
  <testcase classname="demoJava1.TablesortingStreams" name="prices" time="4.905"/>
</testsuite> <!-- demoJava1.TablesortingStreams -->
