<?xml version="1.0" encoding="UTF-8"?>
<!-- Generated by org.testng.reporters.JUnitReportReporter -->
<testsuite hostname="MPARTHA" failures="0" tests="1" name="demoJava1.Reddifmail" time="5.662" errors="0" timestamp="2 Nov 2024 08:55:51 GMT">
  <testcase classname="demoJava1.Reddifmail" name="usercreation" time="5.662"/>
</testsuite> <!-- demoJava1.Reddifmail -->
