<?xml version="1.0" encoding="UTF-8"?>
<!-- Generated by org.testng.reporters.JUnitReportReporter -->
<testsuite hostname="MPARTHA" failures="0" tests="1" name="demoJava1.Practisesection" time="0.019" errors="0" timestamp="17 May 2024 14:36:18 GMT">
  <testcase classname="demoJava1.Practisesection" name="mapfilter" time="0.019"/>
</testsuite> <!-- demoJava1.Practisesection -->
