<?xml version="1.0" encoding="UTF-8"?>
<!-- Generated by org.testng.reporters.JUnitReportReporter -->
<testsuite hostname="MPARTHA" failures="0" tests="1" name="demoJava1.JavaStreams" time="0.018" errors="0" timestamp="16 May 2024 16:38:37 GMT">
  <testcase classname="demoJava1.JavaStreams" name="collect" time="0.018"/>
</testsuite> <!-- demoJava1.JavaStreams -->
