<?xml version="1.0" encoding="UTF-8"?>
<!-- Generated by org.testng.reporters.JUnitReportReporter -->
<testsuite hostname="MPARTHA" failures="0" tests="2" name="PTC.SMAX.YouTest" time="0.000" errors="0" timestamp="2024-11-30T11:14:13 IST" skipped="0">
  <testcase classname="PTC.SMAX.YouTest" name="test3" time="0.000"/>
  <testcase classname="PTC.SMAX.YouTest" name="test4" time="0.000"/>
</testsuite> <!-- PTC.SMAX.YouTest -->
