<?xml version="1.0" encoding="UTF-8"?>
<!-- Generated by org.testng.reporters.JUnitReportReporter -->
<testsuite hostname="MPARTHA" failures="0" tests="3" name="PTC.SMAX.dfgTest" time="0.003" errors="0" timestamp="2024-11-30T11:14:03 IST" skipped="0">
  <testcase classname="PTC.SMAX.dfgTest" name="test2" time="0.000"/>
  <testcase classname="PTC.SMAX.dfgTest" name="test5" time="0.000"/>
  <testcase classname="PTC.SMAX.dfgTest" name="test1" time="0.003"/>
</testsuite> <!-- PTC.SMAX.dfgTest -->
