<?xml version="1.0" encoding="UTF-8"?>
<!-- Generated by org.testng.reporters.JUnitReportReporter -->
<testsuite hostname="MPARTHA" failures="0" tests="4" name="ExcelandTestNG.Dataprovider.excelTesNG" time="0.016" errors="0" timestamp="2024-10-19T21:34:49 IST" skipped="0">
  <testcase classname="ExcelandTestNG.Dataprovider.excelTesNG" name="getData" time="0.016"/>
  <system-out/>
  <testcase classname="ExcelandTestNG.Dataprovider.excelTesNG" name="getData" time="0.000"/>
  <system-out/>
  <testcase classname="ExcelandTestNG.Dataprovider.excelTesNG" name="getData" time="0.000"/>
  <system-out/>
  <testcase classname="ExcelandTestNG.Dataprovider.excelTesNG" name="getData" time="0.000"/>
  <system-out/>
</testsuite> <!-- ExcelandTestNG.Dataprovider.excelTesNG -->
