<?xml version="1.0" encoding="UTF-8"?>
<!-- Generated by org.testng.reporters.JUnitReportReporter -->
<testsuite hostname="MPARTHA" failures="0" tests="1" name="ExcelandTestNG.Dataprovider.unitTest" time="0.397" errors="0" timestamp="2024-10-19T19:44:23 IST" skipped="0">
  <testcase classname="ExcelandTestNG.Dataprovider.unitTest" name="sampletest" time="0.397"/>
  <system-out/>
</testsuite> <!-- ExcelandTestNG.Dataprovider.unitTest -->
