<?xml version="1.0" encoding="UTF-8"?>
<!-- Generated by org.testng.reporters.JUnitReportReporter -->
<testsuite hostname="MPARTHA" failures="0" tests="1" name="testpackage.Basics1" time="0.002" errors="0" timestamp="2024-06-01T16:41:19 IST" skipped="0">
  <testcase classname="testpackage.Basics1" name="demo2" time="0.002"/>
  <system-out/>
</testsuite> <!-- testpackage.Basics1 -->
