<?xml version="1.0" encoding="UTF-8"?>
<!-- Generated by org.testng.reporters.JUnitReportReporter -->
<testsuite hostname="MPARTHA" failures="0" tests="3" name="testpackage.Homeloan" time="0.016" errors="0" timestamp="2024-06-02T18:58:12 IST" skipped="0">
  <testcase classname="testpackage.Homeloan" name="LoginAPI" time="0.010"/>
  <system-out/>
  <testcase classname="testpackage.Homeloan" name="homewebapp" time="0.002"/>
  <system-out/>
  <testcase classname="testpackage.Homeloan" name="homemobileapp" time="0.004"/>
  <system-out/>
</testsuite> <!-- testpackage.Homeloan -->
