<?xml version="1.0" encoding="UTF-8"?>
<!-- Generated by org.testng.reporters.JUnitReportReporter -->
<testsuite hostname="MPARTHA" failures="0" tests="4" name="testpackage.EducationLoan" time="0.016" errors="0" timestamp="2024-06-03T19:44:03 IST" skipped="0">
  <testcase classname="testpackage.EducationLoan" name="PLAPI" time="0.005"/>
  <system-out/>
  <testcase classname="testpackage.EducationLoan" name="PLMobile" time="0.002"/>
  <system-out/>
  <testcase classname="testpackage.EducationLoan" name="PLAPI" time="0.007"/>
  <system-out/>
  <testcase classname="testpackage.EducationLoan" name="PLWeb" time="0.002"/>
  <system-out/>
</testsuite> <!-- testpackage.EducationLoan -->
