<?xml version="1.0" encoding="UTF-8"?>
<!-- Generated by org.testng.reporters.JUnitReportReporter -->
<testsuite hostname="MPARTHA" failures="0" tests="2" name="testpackage.Practisesection" time="0.017" errors="0" timestamp="2024-06-01T18:25:23 IST" skipped="0">
  <testcase classname="testpackage.Practisesection" name="alpha" time="0.013"/>
  <system-out/>
  <testcase classname="testpackage.Practisesection" name="value" time="0.004"/>
  <system-out/>
</testsuite> <!-- testpackage.Practisesection -->
