<?xml version="1.0" encoding="UTF-8"?>
<!-- Generated by org.testng.reporters.JUnitReportReporter -->
<testsuite hostname="MPARTHA" failures="0" tests="2" name="Madhavanacademy.MavenJava.RestAPI" time="0.012" errors="0" timestamp="2024-11-24T18:16:51 IST" skipped="0">
  <testcase classname="Madhavanacademy.MavenJava.RestAPI" name="postJIRA" time="0.001"/>
  <system-out/>
  <testcase classname="Madhavanacademy.MavenJava.RestAPI" name="deletetwitter" time="0.011"/>
  <system-out/>
</testsuite> <!-- Madhavanacademy.MavenJava.RestAPI -->
