<?xml version="1.0" encoding="UTF-8"?>
<!-- Generated by org.testng.reporters.JUnitReportReporter -->
<testsuite hostname="MPARTHA" failures="0" tests="2" name="Madhavanacademy.MavenJava.seleniumTest" time="0.002" errors="0" timestamp="2024-11-28T22:20:04 IST" skipped="0">
  <testcase classname="Madhavanacademy.MavenJava.seleniumTest" name="browserautomation" time="0.001"/>
  <system-out/>
  <testcase classname="Madhavanacademy.MavenJava.seleniumTest" name="elementsUi" time="0.001"/>
  <system-out/>
</testsuite> <!-- Madhavanacademy.MavenJava.seleniumTest -->
