<?xml version="1.0" encoding="UTF-8"?>
<!-- Generated by org.testng.reporters.JUnitReportReporter -->
<testsuite hostname="MPARTHA" failures="0" tests="1" name="Ecommerce.electronics.MultipleElectronics" time="15.171" errors="0" timestamp="2024-09-19T22:03:58 IST" skipped="0">
  <testcase classname="Ecommerce.electronics.MultipleElectronics" name="ecommerce" time="15.171"/>
</testsuite> <!-- Ecommerce.electronics.MultipleElectronics -->
