<?xml version="1.0" encoding="UTF-8"?>
<!-- Generated by org.testng.reporters.JUnitReportReporter -->
<testsuite hostname="MPARTHA" failures="0" tests="1" name="PTC.SMAX.dfgTest" time="0.012" errors="0" timestamp="2024-11-29T20:44:47 IST" skipped="0">
  <testcase classname="PTC.SMAX.dfgTest" name="test1" time="0.012"/>
</testsuite> <!-- PTC.SMAX.dfgTest -->
