<?xml version="1.0" encoding="UTF-8"?>
<!-- Generated by org.testng.reporters.JUnitReportReporter -->
<testsuite hostname="MPARTHA" failures="0" tests="2" name="Madhavanacademy.MavenJava.RestAPITest" time="0.003" errors="0" timestamp="2024-11-29T21:32:43 IST" skipped="0">
  <testcase classname="Madhavanacademy.MavenJava.RestAPITest" name="postJIRA" time="0.001"/>
  <testcase classname="Madhavanacademy.MavenJava.RestAPITest" name="deletetwitter" time="0.002"/>
</testsuite> <!-- Madhavanacademy.MavenJava.RestAPITest -->
