<?xml version="1.0" encoding="UTF-8"?>
<!-- Generated by org.testng.reporters.JUnitReportReporter -->
<testsuite hostname="MPARTHA" failures="0" tests="2" name="Madhavanacademy.MavenJava.mobileautomationTest" time="0.008" errors="0" timestamp="2024-11-29T21:32:43 IST" skipped="0">
  <testcase classname="Madhavanacademy.MavenJava.mobileautomationTest" name="nativeappIos" time="0.001"/>
  <testcase classname="Madhavanacademy.MavenJava.mobileautomationTest" name="nativeappAndriod" time="0.007"/>
</testsuite> <!-- Madhavanacademy.MavenJava.mobileautomationTest -->
