<?xml version="1.0" encoding="UTF-8"?>
<!-- Generated by org.testng.reporters.JUnitReportReporter -->
<testsuite hostname="MPARTHA" failures="0" tests="1" name="Datadriven.ExcelintegrationwithTestNG.sampleTest" time="1.219" errors="0" timestamp="2024-10-19T17:37:27 IST" skipped="0">
  <testcase classname="Datadriven.ExcelintegrationwithTestNG.sampleTest" name="getExcel" time="1.219"/>
  <system-out/>
</testsuite> <!-- Datadriven.ExcelintegrationwithTestNG.sampleTest -->
