<?xml version="1.0" encoding="UTF-8"?>
<!-- Generated by org.testng.reporters.JUnitReportReporter -->
<testsuite hostname="MPARTHA" failures="0" tests="3" name="Datadriven.ExcelintegrationwithTestNG.Dataprovider" time="0.015" errors="0" timestamp="2024-10-19T21:32:37 IST" skipped="0">
  <testcase classname="Datadriven.ExcelintegrationwithTestNG.Dataprovider" name="testCaseData" time="0.010"/>
  <system-out/>
  <testcase classname="Datadriven.ExcelintegrationwithTestNG.Dataprovider" name="testCaseData" time="0.002"/>
  <system-out/>
  <testcase classname="Datadriven.ExcelintegrationwithTestNG.Dataprovider" name="testCaseData" time="0.003"/>
  <system-out/>
</testsuite> <!-- Datadriven.ExcelintegrationwithTestNG.Dataprovider -->
