<?xml version="1.0" encoding="UTF-8"?>
<!-- Generated by org.testng.reporters.JUnitReportReporter -->
<testsuite hostname="MPARTHA" failures="0" tests="3" name="testpackage.Basic2" time="0.003" errors="0" timestamp="2024-05-27T09:36:18 IST" skipped="0">
  <testcase classname="testpackage.Basic2" name="mobileapp" time="0.001"/>
  <system-out/>
  <testcase classname="testpackage.Basic2" name="CarAPI" time="0.001"/>
  <system-out/>
  <testcase classname="testpackage.Basic2" name="Carweb" time="0.001"/>
  <system-out/>
</testsuite> <!-- testpackage.Basic2 -->
