<?xml version="1.0" encoding="UTF-8"?>
<!-- Generated by org.testng.reporters.JUnitReportReporter -->
<testsuite hostname="MPARTHA" failures="0" tests="3" name="testpackage.Basic3" time="0.002" errors="0" timestamp="2024-05-27T09:36:18 IST" skipped="0">
  <testcase classname="testpackage.Basic3" name="LoginAPI" time="0.001"/>
  <system-out/>
  <testcase classname="testpackage.Basic3" name="homemobileapp" time="0.001"/>
  <system-out/>
  <testcase classname="testpackage.Basic3" name="homewebapp" time="0.000"/>
  <system-out/>
</testsuite> <!-- testpackage.Basic3 -->
