<?xml version="1.0" encoding="UTF-8"?>
<!-- Generated by org.testng.reporters.JUnitReportReporter -->
<testsuite hostname="MPARTHA" failures="0" tests="1" name="testpackage.Practisesection" time="0.000" errors="0" timestamp="2024-05-26T12:56:27 IST" skipped="0">
  <testcase classname="testpackage.Practisesection" name="knowledgetest" time="0.000"/>
  <system-out/>
</testsuite> <!-- testpackage.Practisesection -->
