<?xml version="1.0" encoding="UTF-8"?>
<!-- Generated by org.testng.reporters.JUnitReportReporter -->
<testsuite hostname="MPARTHA" failures="0" tests="3" name="testpackage.Homeloan" time="0.011" errors="0" timestamp="2024-05-27T18:43:23 IST" skipped="0">
  <testcase classname="testpackage.Homeloan" name="homewebapp" time="0.001"/>
  <system-out/>
  <testcase classname="testpackage.Homeloan" name="homemobileapp" time="0.001"/>
  <system-out/>
  <testcase classname="testpackage.Homeloan" name="LoginAPI" time="0.009"/>
  <system-out/>
</testsuite> <!-- testpackage.Homeloan -->
