<?xml version="1.0" encoding="UTF-8"?>
<!-- Generated by org.testng.reporters.JUnitReportReporter -->
<testsuite hostname="MPARTHA" failures="0" tests="2" name="testpackage.Basics1" time="0.002" errors="0" timestamp="2024-05-27T18:27:52 IST" skipped="0">
  <testcase classname="testpackage.Basics1" name="demo" time="0.001"/>
  <system-out/>
  <testcase classname="testpackage.Basics1" name="demo2" time="0.001"/>
  <system-out/>
</testsuite> <!-- testpackage.Basics1 -->
