<?xml version="1.0" encoding="UTF-8"?>
<!-- Generated by org.testng.reporters.JUnitReportReporter -->
<testsuite hostname="MPARTHA" failures="0" tests="3" name="testpackage.Carloan" time="0.005" errors="0" timestamp="2024-05-27T18:30:37 IST" skipped="0">
  <testcase classname="testpackage.Carloan" name="CarAPI" time="0.001"/>
  <system-out/>
  <testcase classname="testpackage.Carloan" name="Carweb" time="0.001"/>
  <system-out/>
  <testcase classname="testpackage.Carloan" name="mobileapp" time="0.003"/>
  <system-out/>
</testsuite> <!-- testpackage.Carloan -->
