<?xml version="1.0" encoding="UTF-8"?>
<!-- Generated by org.testng.reporters.JUnitReportReporter -->
<testsuite hostname="MPARTHA" failures="0" tests="1" name="MPTechCHN.ExtentReports.ExtentReportsDemo" time="7.207" errors="0" timestamp="2024-07-26T19:57:20 IST" skipped="0">
  <testcase classname="MPTechCHN.ExtentReports.ExtentReportsDemo" name="intialDemo" time="7.207"/>
</testsuite> <!-- MPTechCHN.ExtentReports.ExtentReportsDemo -->
